<?xml version="1.0" encoding="UTF-8"?>
<!-- Generated by org.testng.reporters.JUnitReportReporter -->
<testsuite hostname="ace" failures="0" tests="1" name="after_before_class.Basics_02" time="0.003" errors="0" timestamp="2024-09-16T10:47:32 IST" skipped="0">
  <testcase classname="after_before_class.Basics_02" name="day3" time="0.003"/>
</testsuite> <!-- after_before_class.Basics_02 -->
