<?xml version="1.0" encoding="UTF-8"?>
<!-- Generated by org.testng.reporters.JUnitReportReporter -->
<testsuite hostname="ace" failures="0" tests="1" name="after_before_class.CarLoan" time="0.001" errors="0" timestamp="2024-09-16T11:03:31 IST" skipped="0">
  <testcase classname="after_before_class.CarLoan" name="webCar" time="0.001"/>
</testsuite> <!-- after_before_class.CarLoan -->
