<?xml version="1.0" encoding="UTF-8"?>
<!-- Generated by org.testng.reporters.JUnitReportReporter -->
<testsuite hostname="ace" failures="0" tests="2" name="groups.HomeLoan" time="0.004" errors="0" timestamp="2024-09-16T11:03:31 IST" skipped="0">
  <testcase classname="groups.HomeLoan" name="apiumHome" time="0.001"/>
  <testcase classname="groups.HomeLoan" name="apiHome" time="0.003"/>
</testsuite> <!-- groups.HomeLoan -->
