<?xml version="1.0" encoding="UTF-8"?>
<!-- Generated by org.testng.reporters.JUnitReportReporter -->
<testsuite hostname="ace" failures="0" tests="3" name="enabled_false.CarLoan" time="0.004" errors="0" timestamp="2024-09-16T11:42:51 IST" skipped="0">
  <testcase classname="enabled_false.CarLoan" name="apiumCar" time="0.001"/>
  <testcase classname="enabled_false.CarLoan" name="apiCar" time="0.001"/>
  <testcase classname="enabled_false.CarLoan" name="webCar" time="0.002"/>
</testsuite> <!-- enabled_false.CarLoan -->
