<?xml version="1.0" encoding="UTF-8"?>
<!-- Generated by org.testng.reporters.JUnitReportReporter -->
<testsuite hostname="ace" failures="0" tests="2" name="after_before_method.CarLoan" time="0.008" errors="0" timestamp="2024-09-16T10:42:21 IST" skipped="0">
  <testcase classname="after_before_method.CarLoan" name="webCar" time="0.005"/>
  <testcase classname="after_before_method.CarLoan" name="apiCar" time="0.003"/>
</testsuite> <!-- after_before_method.CarLoan -->
