<?xml version="1.0" encoding="UTF-8"?>
<!-- Generated by org.testng.reporters.JUnitReportReporter -->
<testsuite hostname="ace" failures="0" tests="3" name="depends.CarLoan" time="0.013" errors="0" timestamp="2024-09-18T18:27:47 IST" skipped="0">
  <testcase classname="depends.CarLoan" name="apiCar" time="0.010"/>
  <testcase classname="depends.CarLoan" name="apiumCar" time="0.002"/>
  <testcase classname="depends.CarLoan" name="webCar" time="0.001"/>
</testsuite> <!-- depends.CarLoan -->
