<?xml version="1.0" encoding="UTF-8"?>
<!-- Generated by org.testng.reporters.JUnitReportReporter -->
<testsuite hostname="ace" failures="0" tests="2" name="alwayson.Alwaysrun" time="0.011" errors="0" timestamp="2024-09-18T18:49:33 IST" skipped="0">
  <testcase classname="alwayson.Alwaysrun" name="webhome" time="0.009"/>
  <testcase classname="alwayson.Alwaysrun" name="webhomeSignin" time="0.002"/>
</testsuite> <!-- alwayson.Alwaysrun -->
