<?xml version="1.0" encoding="UTF-8"?>
<!-- Generated by org.testng.reporters.JUnitReportReporter -->
<testsuite hostname="ace" failures="0" tests="1" name="after_before_method.Basics_02" time="0.001" errors="0" timestamp="2024-09-16T10:42:21 IST" skipped="0">
  <testcase classname="after_before_method.Basics_02" name="day3" time="0.001"/>
</testsuite> <!-- after_before_method.Basics_02 -->
