<?xml version="1.0" encoding="UTF-8"?>
<!-- Generated by org.testng.reporters.JUnitReportReporter -->
<testsuite hostname="ace" failures="0" tests="2" name="parameterizing.Basics_02" time="0.004" errors="0" timestamp="2024-09-16T12:15:39 IST" skipped="0">
  <testcase classname="parameterizing.Basics_02" name="day3" time="0.003"/>
  <testcase classname="parameterizing.Basics_02" name="parameter" time="0.001"/>
</testsuite> <!-- parameterizing.Basics_02 -->
