<?xml version="1.0" encoding="UTF-8"?>
<!-- Generated by org.testng.reporters.JUnitReportReporter -->
<testsuite hostname="ace" failures="0" tests="5" name="depends_on_group.HomeLoan" time="0.007" errors="0" timestamp="2024-09-16T11:39:39 IST" skipped="0">
  <testcase classname="depends_on_group.HomeLoan" name="webhome" time="0.001"/>
  <testcase classname="depends_on_group.HomeLoan" name="apiumHome" time="0.001"/>
  <testcase classname="depends_on_group.HomeLoan" name="webhomeLogin" time="0.002"/>
  <testcase classname="depends_on_group.HomeLoan" name="apiHome" time="0.001"/>
  <testcase classname="depends_on_group.HomeLoan" name="webhomeSignin" time="0.002"/>
</testsuite> <!-- depends_on_group.HomeLoan -->
