<?xml version="1.0" encoding="UTF-8"?>
<!-- Generated by org.testng.reporters.JUnitReportReporter -->
<testsuite hostname="ace" failures="0" tests="2" name="enabled_false.Basics_01" time="0.010" errors="0" timestamp="2024-09-16T11:42:51 IST" skipped="1">
  <testcase classname="enabled_false.Basics_01" name="day2" time="0.010"/>
  <testcase classname="enabled_false.Basics_01" name="day1">
    <skipped/>
  </testcase> <!-- day1 -->
</testsuite> <!-- enabled_false.Basics_01 -->
