<?xml version="1.0" encoding="UTF-8"?>
<!-- Generated by org.testng.reporters.JUnitReportReporter -->
<testsuite hostname="ace" failures="0" tests="1" name="depends.Basics_02" time="0.001" errors="0" timestamp="2024-09-18T18:24:30 IST" skipped="0">
  <testcase classname="depends.Basics_02" name="day3" time="0.001"/>
</testsuite> <!-- depends.Basics_02 -->
