<?xml version="1.0" encoding="UTF-8"?>
<!-- Generated by org.testng.reporters.JUnitReportReporter -->
<testsuite hostname="ace" failures="0" tests="6" name="depends.HomeLoan" time="0.008" errors="0" timestamp="2024-09-18T18:24:30 IST" skipped="0">
  <testcase classname="depends.HomeLoan" name="webhomeSignin" time="0.001"/>
  <testcase classname="depends.HomeLoan" name="webhomeLogin" time="0.002"/>
  <testcase classname="depends.HomeLoan" name="apiHome" time="0.001"/>
  <testcase classname="depends.HomeLoan" name="apiumHome" time="0.001"/>
  <testcase classname="depends.HomeLoan" name="depends" time="0.001"/>
  <testcase classname="depends.HomeLoan" name="webhome" time="0.002"/>
</testsuite> <!-- depends.HomeLoan -->
