<?xml version="1.0" encoding="UTF-8"?>
<!-- Generated by org.testng.reporters.JUnitReportReporter -->
<testsuite hostname="ace" failures="0" tests="2" name="after_before_suite.Basics_01" time="0.009" errors="0" timestamp="2024-09-16T10:41:39 IST" skipped="0">
  <testcase classname="after_before_suite.Basics_01" name="day1" time="0.007"/>
  <testcase classname="after_before_suite.Basics_01" name="day2" time="0.002"/>
</testsuite> <!-- after_before_suite.Basics_01 -->
