<?xml version="1.0" encoding="UTF-8"?>
<!-- Generated by org.testng.reporters.JUnitReportReporter -->
<testsuite hostname="ace" failures="0" tests="2" name="basics.CarLoan" time="0.005" errors="0" timestamp="2024-09-16T13:31:19 IST" skipped="0">
  <testcase classname="basics.CarLoan" name="webCar" time="0.002"/>
  <testcase classname="basics.CarLoan" name="apiCar" time="0.003"/>
</testsuite> <!-- basics.CarLoan -->
