<?xml version="1.0" encoding="UTF-8"?>
<!-- Generated by org.testng.reporters.JUnitReportReporter -->
<testsuite hostname="ace" failures="0" tests="2" name="timeout.Basics_01" time="0.018" errors="0" timestamp="2024-09-16T11:46:45 IST" skipped="0">
  <testcase classname="timeout.Basics_01" name="day1" time="0.016"/>
  <testcase classname="timeout.Basics_01" name="day2" time="0.002"/>
</testsuite> <!-- timeout.Basics_01 -->
