<?xml version="1.0" encoding="UTF-8"?>
<!-- Generated by org.testng.reporters.JUnitReportReporter -->
<testsuite hostname="ace" failures="0" tests="3" name="parameterizing.Basics_01" time="0.020" errors="0" timestamp="2024-09-16T12:15:39 IST" skipped="0">
  <testcase classname="parameterizing.Basics_01" name="day2" time="0.001"/>
  <testcase classname="parameterizing.Basics_01" name="parameter" time="0.006"/>
  <testcase classname="parameterizing.Basics_01" name="day1" time="0.013"/>
</testsuite> <!-- parameterizing.Basics_01 -->
