<?xml version="1.0" encoding="UTF-8"?>
<!-- Generated by org.testng.reporters.JUnitReportReporter -->
<testsuite hostname="ace" failures="0" tests="1" name="basics.Basics_01" time="0.009" errors="0" timestamp="2024-09-16T13:31:19 IST" skipped="0">
  <testcase classname="basics.Basics_01" name="day2" time="0.009"/>
</testsuite> <!-- basics.Basics_01 -->
