<?xml version="1.0" encoding="UTF-8"?>
<!-- Generated by org.testng.reporters.JUnitReportReporter -->
<testsuite hostname="ace" failures="0" tests="1" name="enabled_false.Basics_02" time="0.002" errors="0" timestamp="2024-09-16T11:42:51 IST" skipped="0">
  <testcase classname="enabled_false.Basics_02" name="day3" time="0.002"/>
</testsuite> <!-- enabled_false.Basics_02 -->
