<?xml version="1.0" encoding="UTF-8"?>
<!-- Generated by org.testng.reporters.JUnitReportReporter -->
<testsuite hostname="ace" failures="0" tests="1" name="groups.CarLoan" time="0.007" errors="0" timestamp="2024-09-16T11:03:31 IST" skipped="0">
  <testcase classname="groups.CarLoan" name="apiCar" time="0.007"/>
</testsuite> <!-- groups.CarLoan -->
