<?xml version="1.0" encoding="UTF-8"?>
<!-- Generated by org.testng.reporters.JUnitReportReporter -->
<testsuite hostname="ace" failures="0" tests="2" name="depends_on_group.Basics_01" time="0.012" errors="0" timestamp="2024-09-16T11:39:39 IST" skipped="0">
  <testcase classname="depends_on_group.Basics_01" name="day1" time="0.002"/>
  <testcase classname="depends_on_group.Basics_01" name="day2" time="0.010"/>
</testsuite> <!-- depends_on_group.Basics_01 -->
