<?xml version="1.0" encoding="UTF-8"?>
<!-- Generated by org.testng.reporters.JUnitReportReporter -->
<testsuite hostname="ace" failures="0" tests="3" name="depends.Basics_01" time="0.015" errors="0" timestamp="2024-09-18T18:24:30 IST" skipped="0">
  <testcase classname="depends.Basics_01" name="zzz" time="0.011"/>
  <testcase classname="depends.Basics_01" name="day2" time="0.002"/>
  <testcase classname="depends.Basics_01" name="day1" time="0.002"/>
</testsuite> <!-- depends.Basics_01 -->
