<?xml version="1.0" encoding="UTF-8"?>
<!-- Generated by org.testng.reporters.JUnitReportReporter -->
<testsuite hostname="ace" failures="0" tests="3" name="depends_on_group.CarLoan" time="0.007" errors="0" timestamp="2024-09-16T11:39:39 IST" skipped="0">
  <testcase classname="depends_on_group.CarLoan" name="apiumCar" time="0.002"/>
  <testcase classname="depends_on_group.CarLoan" name="apiCar" time="0.002"/>
  <testcase classname="depends_on_group.CarLoan" name="webCar" time="0.003"/>
</testsuite> <!-- depends_on_group.CarLoan -->
