<?xml version="1.0" encoding="UTF-8"?>
<!-- Generated by org.testng.reporters.JUnitReportReporter -->
<testsuite hostname="ace" failures="0" tests="3" name="dataprovider.Basics_01" time="0.008" errors="0" timestamp="2024-09-16T12:48:06 IST" skipped="0">
  <testcase classname="dataprovider.Basics_01" name="datas" time="0.006"/>
  <testcase classname="dataprovider.Basics_01" name="datas" time="0.001"/>
  <testcase classname="dataprovider.Basics_01" name="datas" time="0.001"/>
</testsuite> <!-- dataprovider.Basics_01 -->
