<?xml version="1.0" encoding="UTF-8"?>
<!-- Generated by org.testng.reporters.JUnitReportReporter -->
<testsuite hostname="ace" failures="0" tests="5" name="enabled_false.HomeLoan" time="0.006" errors="0" timestamp="2024-09-16T11:42:51 IST" skipped="0">
  <testcase classname="enabled_false.HomeLoan" name="webhome" time="0.001"/>
  <testcase classname="enabled_false.HomeLoan" name="webhomeLogin" time="0.001"/>
  <testcase classname="enabled_false.HomeLoan" name="webhomeSignin" time="0.002"/>
  <testcase classname="enabled_false.HomeLoan" name="apiumHome" time="0.001"/>
  <testcase classname="enabled_false.HomeLoan" name="apiHome" time="0.001"/>
</testsuite> <!-- enabled_false.HomeLoan -->
