<?xml version="1.0" encoding="UTF-8"?>
<!-- Generated by org.testng.reporters.JUnitReportReporter -->
<testsuite hostname="ace" failures="0" tests="2" name="after_before_class.HomeLoan" time="0.004" errors="0" timestamp="2024-09-16T10:47:32 IST" skipped="0">
  <testcase classname="after_before_class.HomeLoan" name="apiHome" time="0.002"/>
  <testcase classname="after_before_class.HomeLoan" name="apiumHome" time="0.002"/>
</testsuite> <!-- after_before_class.HomeLoan -->
